<?xml version="1.0" encoding="UTF-8"?>
<!-- Generated by org.testng.reporters.JUnitReportReporter -->
<testsuite hostname="TYSS-Shobha" failures="0" tests="1" name="pratice.SampleTest" time="0.008" errors="0" timestamp="2023-01-26T23:27:14 IST" skipped="0">
  <testcase classname="pratice.SampleTest" name="method1" time="0.008"/>
  <system-out/>
</testsuite> <!-- pratice.SampleTest -->
