<?xml version="1.0" encoding="UTF-8"?>
<!-- Generated by org.testng.reporters.JUnitReportReporter -->
<testsuite hostname="TYSS-Shobha" failures="0" tests="1" name="pratice.Sample" time="0.007" errors="0" timestamp="2023-01-26T22:54:45 IST" skipped="0">
  <testcase classname="pratice.Sample" name="t1" time="0.007"/>
  <system-out/>
</testsuite> <!-- pratice.Sample -->
